Analysis & Synthesis report for multadd_demo
Thu Sep 15 17:08:37 2016
Quartus Prime Version 15.1.0 Build 185 10/21/2015 SJ Standard Edition


---------------------
; Table of Contents ;
---------------------
  1. Legal Notice
  2. Analysis & Synthesis Summary
  3. Analysis & Synthesis Settings
  4. Parallel Compilation
  5. Analysis & Synthesis Source Files Read
  6. Analysis & Synthesis Resource Usage Summary
  7. Analysis & Synthesis Resource Utilization by Entity
  8. Analysis & Synthesis DSP Block Usage Summary
  9. Registers Removed During Synthesis
 10. General Register Statistics
 11. Post-Synthesis Netlist Statistics for Top Partition
 12. Elapsed Time Per Partition
 13. Analysis & Synthesis Messages



----------------
; Legal Notice ;
----------------
Copyright (C) 1991-2015 Altera Corporation. All rights reserved.
Your use of Altera Corporation's design tools, logic functions 
and other software and tools, and its AMPP partner logic 
functions, and any output files from any of the foregoing 
(including device programming or simulation files), and any 
associated documentation or information are expressly subject 
to the terms and conditions of the Altera Program License 
Subscription Agreement, the Altera Quartus Prime License Agreement,
the Altera MegaCore Function License Agreement, or other 
applicable license agreement, including, without limitation, 
that your use is for the sole purpose of programming logic 
devices manufactured by Altera and sold by Altera or its 
authorized distributors.  Please refer to the applicable 
agreement for further details.



+-----------------------------------------------------------------------------------+
; Analysis & Synthesis Summary                                                      ;
+---------------------------------+-------------------------------------------------+
; Analysis & Synthesis Status     ; Successful - Thu Sep 15 17:08:37 2016           ;
; Quartus Prime Version           ; 15.1.0 Build 185 10/21/2015 SJ Standard Edition ;
; Revision Name                   ; multadd_demo                                    ;
; Top-level Entity Name           ; multadd_demo                                    ;
; Family                          ; Stratix V                                       ;
; Logic utilization (in ALMs)     ; N/A                                             ;
; Total registers                 ; 720                                             ;
; Total pins                      ; 182                                             ;
; Total virtual pins              ; 0                                               ;
; Total block memory bits         ; 0                                               ;
; Total DSP Blocks                ; 3                                               ;
; Total HSSI STD RX PCSs          ; 0                                               ;
; Total HSSI 10G RX PCSs          ; 0                                               ;
; Total HSSI GEN3 RX PCSs         ; 0                                               ;
; Total HSSI PMA RX Deserializers ; 0                                               ;
; Total HSSI STD TX PCSs          ; 0                                               ;
; Total HSSI 10G TX PCSs          ; 0                                               ;
; Total HSSI GEN3 TX PCSs         ; 0                                               ;
; Total HSSI PMA TX Serializers   ; 0                                               ;
; Total HSSI PIPE GEN1_2s         ; 0                                               ;
; Total HSSI GEN3s                ; 0                                               ;
; Total PLLs                      ; 0                                               ;
; Total DLLs                      ; 0                                               ;
+---------------------------------+-------------------------------------------------+


+---------------------------------------------------------------------------------------------------------------------------+
; Analysis & Synthesis Settings                                                                                             ;
+---------------------------------------------------------------------------------+--------------------+--------------------+
; Option                                                                          ; Setting            ; Default Value      ;
+---------------------------------------------------------------------------------+--------------------+--------------------+
; Device                                                                          ; 5SGSMD8N2F45I2     ;                    ;
; Top-level entity name                                                           ; multadd_demo       ; multadd_demo       ;
; Family name                                                                     ; Stratix V          ; Cyclone V          ;
; Use smart compilation                                                           ; Off                ; Off                ;
; Enable parallel Assembler and TimeQuest Timing Analyzer during compilation      ; On                 ; On                 ;
; Enable compact report table                                                     ; Off                ; Off                ;
; Restructure Multiplexers                                                        ; Auto               ; Auto               ;
; MLAB Add Timing Constraints For Mixed-Port Feed-Through Mode Setting Don't Care ; Off                ; Off                ;
; Create Debugging Nodes for IP Cores                                             ; Off                ; Off                ;
; Preserve fewer node names                                                       ; On                 ; On                 ;
; Disable OpenCore Plus hardware evaluation                                       ; Off                ; Off                ;
; Verilog Version                                                                 ; Verilog_2001       ; Verilog_2001       ;
; VHDL Version                                                                    ; VHDL_1993          ; VHDL_1993          ;
; State Machine Processing                                                        ; Auto               ; Auto               ;
; Safe State Machine                                                              ; Off                ; Off                ;
; Extract Verilog State Machines                                                  ; On                 ; On                 ;
; Extract VHDL State Machines                                                     ; On                 ; On                 ;
; Ignore Verilog initial constructs                                               ; Off                ; Off                ;
; Iteration limit for constant Verilog loops                                      ; 5000               ; 5000               ;
; Iteration limit for non-constant Verilog loops                                  ; 250                ; 250                ;
; Add Pass-Through Logic to Inferred RAMs                                         ; On                 ; On                 ;
; Infer RAMs from Raw Logic                                                       ; On                 ; On                 ;
; Parallel Synthesis                                                              ; On                 ; On                 ;
; DSP Block Balancing                                                             ; Auto               ; Auto               ;
; NOT Gate Push-Back                                                              ; On                 ; On                 ;
; Power-Up Don't Care                                                             ; On                 ; On                 ;
; Remove Redundant Logic Cells                                                    ; Off                ; Off                ;
; Remove Duplicate Registers                                                      ; On                 ; On                 ;
; Ignore CARRY Buffers                                                            ; Off                ; Off                ;
; Ignore CASCADE Buffers                                                          ; Off                ; Off                ;
; Ignore GLOBAL Buffers                                                           ; Off                ; Off                ;
; Ignore ROW GLOBAL Buffers                                                       ; Off                ; Off                ;
; Ignore LCELL Buffers                                                            ; Off                ; Off                ;
; Ignore SOFT Buffers                                                             ; On                 ; On                 ;
; Limit AHDL Integers to 32 Bits                                                  ; Off                ; Off                ;
; Optimization Technique                                                          ; Balanced           ; Balanced           ;
; Carry Chain Length                                                              ; 70                 ; 70                 ;
; Auto Carry Chains                                                               ; On                 ; On                 ;
; Auto Open-Drain Pins                                                            ; On                 ; On                 ;
; Perform WYSIWYG Primitive Resynthesis                                           ; Off                ; Off                ;
; Auto ROM Replacement                                                            ; On                 ; On                 ;
; Auto RAM Replacement                                                            ; On                 ; On                 ;
; Auto DSP Block Replacement                                                      ; On                 ; On                 ;
; Auto Shift Register Replacement                                                 ; Auto               ; Auto               ;
; Allow Shift Register Merging across Hierarchies                                 ; Auto               ; Auto               ;
; Auto Clock Enable Replacement                                                   ; On                 ; On                 ;
; Strict RAM Replacement                                                          ; Off                ; Off                ;
; Allow Synchronous Control Signals                                               ; On                 ; On                 ;
; Force Use of Synchronous Clear Signals                                          ; Off                ; Off                ;
; Auto Resource Sharing                                                           ; Off                ; Off                ;
; Allow Any RAM Size For Recognition                                              ; Off                ; Off                ;
; Allow Any ROM Size For Recognition                                              ; Off                ; Off                ;
; Allow Any Shift Register Size For Recognition                                   ; Off                ; Off                ;
; Use LogicLock Constraints during Resource Balancing                             ; On                 ; On                 ;
; Ignore translate_off and synthesis_off directives                               ; Off                ; Off                ;
; Timing-Driven Synthesis                                                         ; On                 ; On                 ;
; Report Parameter Settings                                                       ; On                 ; On                 ;
; Report Source Assignments                                                       ; On                 ; On                 ;
; Report Connectivity Checks                                                      ; On                 ; On                 ;
; Ignore Maximum Fan-Out Assignments                                              ; Off                ; Off                ;
; Synchronization Register Chain Length                                           ; 3                  ; 3                  ;
; PowerPlay Power Optimization During Synthesis                                   ; Normal compilation ; Normal compilation ;
; HDL message level                                                               ; Level2             ; Level2             ;
; Suppress Register Optimization Related Messages                                 ; Off                ; Off                ;
; Number of Removed Registers Reported in Synthesis Report                        ; 5000               ; 5000               ;
; Number of Swept Nodes Reported in Synthesis Report                              ; 5000               ; 5000               ;
; Number of Inverted Registers Reported in Synthesis Report                       ; 100                ; 100                ;
; Clock MUX Protection                                                            ; On                 ; On                 ;
; Auto Gated Clock Conversion                                                     ; Off                ; Off                ;
; Block Design Naming                                                             ; Auto               ; Auto               ;
; SDC constraint protection                                                       ; Off                ; Off                ;
; Synthesis Effort                                                                ; Auto               ; Auto               ;
; Shift Register Replacement - Allow Asynchronous Clear Signal                    ; On                 ; On                 ;
; Pre-Mapping Resynthesis Optimization                                            ; Off                ; Off                ;
; Analysis & Synthesis Message Level                                              ; Medium             ; Medium             ;
; Disable Register Merging Across Hierarchies                                     ; Auto               ; Auto               ;
; Resource Aware Inference For Block RAM                                          ; On                 ; On                 ;
; Synthesis Seed                                                                  ; 1                  ; 1                  ;
; Automatic Parallel Synthesis                                                    ; On                 ; On                 ;
; Partial Reconfiguration Bitstream ID                                            ; Off                ; Off                ;
+---------------------------------------------------------------------------------+--------------------+--------------------+


+------------------------------------------+
; Parallel Compilation                     ;
+----------------------------+-------------+
; Processors                 ; Number      ;
+----------------------------+-------------+
; Number detected on machine ; 4           ;
; Maximum allowed            ; 2           ;
;                            ;             ;
; Average used               ; 1.00        ;
; Maximum used               ; 2           ;
;                            ;             ;
; Usage by Processor         ; % Time Used ;
;     Processor 1            ; 100.0%      ;
;     Processor 2            ; < 0.1%      ;
+----------------------------+-------------+


+---------------------------------------------------------------------------------------------------------------------------------------------------------------------------------------------------------+
; Analysis & Synthesis Source Files Read                                                                                                                                                                  ;
+-------------------------------------+-----------------+-----------------+---------------------------------------------------------------------------------------------------------------------+---------+
; File Name with User-Entered Path    ; Used in Netlist ; File Type       ; File Name with Absolute Path                                                                                        ; Library ;
+-------------------------------------+-----------------+-----------------+---------------------------------------------------------------------------------------------------------------------+---------+
; ../multadd_tb1/multadd_demo_pkg.vhd ; yes             ; User VHDL File  ; C:/workspaces/eos_dev_xpic/ProgrammableLogic/VHR_LIBS/dsphdl/blocks/dsphdlmath/hdl/multadd_tb1/multadd_demo_pkg.vhd ;         ;
; ../multadd_tb1/multadd1.vhd         ; yes             ; User VHDL File  ; C:/workspaces/eos_dev_xpic/ProgrammableLogic/VHR_LIBS/dsphdl/blocks/dsphdlmath/hdl/multadd_tb1/multadd1.vhd         ;         ;
; ../multadd_tb1/multadd_mix.vhd      ; yes             ; User VHDL File  ; C:/workspaces/eos_dev_xpic/ProgrammableLogic/VHR_LIBS/dsphdl/blocks/dsphdlmath/hdl/multadd_tb1/multadd_mix.vhd      ;         ;
; ../multadd_tb1/multadd_uns.vhd      ; yes             ; User VHDL File  ; C:/workspaces/eos_dev_xpic/ProgrammableLogic/VHR_LIBS/dsphdl/blocks/dsphdlmath/hdl/multadd_tb1/multadd_uns.vhd      ;         ;
; ../multadd_tb1/multadd_demo.vhd     ; yes             ; User VHDL File  ; C:/workspaces/eos_dev_xpic/ProgrammableLogic/VHR_LIBS/dsphdl/blocks/dsphdlmath/hdl/multadd_tb1/multadd_demo.vhd     ;         ;
+-------------------------------------+-----------------+-----------------+---------------------------------------------------------------------------------------------------------------------+---------+


+---------------------------------------------------------+
; Analysis & Synthesis Resource Usage Summary             ;
+---------------------------------------------+-----------+
; Resource                                    ; Usage     ;
+---------------------------------------------+-----------+
; Estimate of Logic utilization (ALMs needed) ; 360       ;
;                                             ;           ;
; Combinational ALUT usage for logic          ; 0         ;
;     -- 7 input functions                    ; 0         ;
;     -- 6 input functions                    ; 0         ;
;     -- 5 input functions                    ; 0         ;
;     -- 4 input functions                    ; 0         ;
;     -- <=3 input functions                  ; 0         ;
;                                             ;           ;
; Dedicated logic registers                   ; 720       ;
;                                             ;           ;
; I/O pins                                    ; 182       ;
;                                             ;           ;
; Total DSP Blocks                            ; 3         ;
;                                             ;           ;
; Maximum fan-out node                        ; clk~input ;
; Maximum fan-out                             ; 720       ;
; Total fan-out                               ; 2522      ;
; Average fan-out                             ; 2.32      ;
+---------------------------------------------+-----------+


+-----------------------------------------------------------------------------------------------------------------------------------------------------------------------------------+
; Analysis & Synthesis Resource Utilization by Entity                                                                                                                               ;
+--------------------------------+-------------------+--------------+-------------------+------------+------+--------------+-----------------------------------------+--------------+
; Compilation Hierarchy Node     ; LC Combinationals ; LC Registers ; Block Memory Bits ; DSP Blocks ; Pins ; Virtual Pins ; Full Hierarchy Name                     ; Library Name ;
+--------------------------------+-------------------+--------------+-------------------+------------+------+--------------+-----------------------------------------+--------------+
; |multadd_demo                  ; 0 (0)             ; 720 (540)    ; 0                 ; 3          ; 182  ; 0            ; |multadd_demo                           ; work         ;
;    |multadd1:u_multadd1|       ; 0 (0)             ; 60 (60)      ; 0                 ; 1          ; 0    ; 0            ; |multadd_demo|multadd1:u_multadd1       ; work         ;
;    |multadd_mix:u_multadd_mix| ; 0 (0)             ; 60 (60)      ; 0                 ; 1          ; 0    ; 0            ; |multadd_demo|multadd_mix:u_multadd_mix ; work         ;
;    |multadd_uns:u_multadd_uns| ; 0 (0)             ; 60 (60)      ; 0                 ; 1          ; 0    ; 0            ; |multadd_demo|multadd_uns:u_multadd_uns ; work         ;
+--------------------------------+-------------------+--------------+-------------------+------------+------+--------------+-----------------------------------------+--------------+
Note: For table entries with two numbers listed, the numbers in parentheses indicate the number of resources of the given type used by the specific entity alone. The numbers listed outside of parentheses indicate the total resources of the given type used by the specific entity and all of its sub-entities in the hierarchy.


+----------------------------------------------+
; Analysis & Synthesis DSP Block Usage Summary ;
+-------------------------------+--------------+
; Statistic                     ; Number Used  ;
+-------------------------------+--------------+
; Independent 18x18 plus 36     ; 3            ;
; Total number of DSP blocks    ; 3            ;
;                               ;              ;
; Fixed Point Signed Multiplier ; 3            ;
+-------------------------------+--------------+


+--------------------------------------------------------------------------------------------------+
; Registers Removed During Synthesis                                                               ;
+--------------------------------------------+-----------------------------------------------------+
; Register name                              ; Reason for Removal                                  ;
+--------------------------------------------+-----------------------------------------------------+
; multadd_mix:u_multadd_mix|rin1_out1[0..9]  ; Stuck at GND due to stuck port data_in              ;
; multadd_uns:u_multadd_uns|rin1_out1[0..9]  ; Stuck at GND due to stuck port data_in              ;
; multadd1:u_multadd1|rin1_out1[0..9]        ; Stuck at GND due to stuck port data_in              ;
; multadd_mix:u_multadd_mix|rin2_out1[7..16] ; Merged with multadd_mix:u_multadd_mix|rin2_out1[17] ;
; multadd_mix:u_multadd_mix|rin3_out1[7..20] ; Merged with multadd_mix:u_multadd_mix|rin3_out1[21] ;
; multadd_uns:u_multadd_uns|rin2_out1[7..16] ; Merged with multadd_uns:u_multadd_uns|rin2_out1[17] ;
; multadd_uns:u_multadd_uns|rin3_out1[7..20] ; Merged with multadd_uns:u_multadd_uns|rin3_out1[21] ;
; multadd1:u_multadd1|rin2_out1[7..16]       ; Merged with multadd1:u_multadd1|rin2_out1[17]       ;
; multadd1:u_multadd1|rin3_out1[7..20]       ; Merged with multadd1:u_multadd1|rin3_out1[21]       ;
; Total Number of Removed Registers = 102    ;                                                     ;
+--------------------------------------------+-----------------------------------------------------+


+------------------------------------------------------+
; General Register Statistics                          ;
+----------------------------------------------+-------+
; Statistic                                    ; Value ;
+----------------------------------------------+-------+
; Total registers                              ; 720   ;
; Number of registers using Synchronous Clear  ; 0     ;
; Number of registers using Synchronous Load   ; 0     ;
; Number of registers using Asynchronous Clear ; 720   ;
; Number of registers using Asynchronous Load  ; 0     ;
; Number of registers using Clock Enable       ; 0     ;
; Number of registers using Preset             ; 0     ;
+----------------------------------------------+-------+


+-----------------------------------------------------+
; Post-Synthesis Netlist Statistics for Top Partition ;
+-------------------+---------------------------------+
; Type              ; Count                           ;
+-------------------+---------------------------------+
; boundary_port     ; 182                             ;
; stratixv_ff       ; 720                             ;
;     CLR           ; 720                             ;
; stratixv_mac      ; 3                               ;
;                   ;                                 ;
; Max LUT depth     ; 0.00                            ;
; Average LUT depth ; 0.00                            ;
+-------------------+---------------------------------+


+-------------------------------+
; Elapsed Time Per Partition    ;
+----------------+--------------+
; Partition Name ; Elapsed Time ;
+----------------+--------------+
; Top            ; 00:00:01     ;
+----------------+--------------+


+-------------------------------+
; Analysis & Synthesis Messages ;
+-------------------------------+
Info: *******************************************************************
Info: Running Quartus Prime Analysis & Synthesis
    Info: Version 15.1.0 Build 185 10/21/2015 SJ Standard Edition
    Info: Processing started: Thu Sep 15 17:08:16 2016
Info: Command: quartus_map --read_settings_files=on --write_settings_files=off multadd_demo -c multadd_demo
Info (20030): Parallel compilation is enabled and will use 2 of the 2 processors detected
Info (12021): Found 1 design units, including 0 entities, in source file /workspaces/eos_dev_xpic/programmablelogic/vhr_libs/dsphdl/blocks/dsphdlmath/hdl/multadd_tb1/multadd_demo_pkg.vhd
    Info (12022): Found design unit 1: multadd_demo_pkg File: C:/workspaces/eos_dev_xpic/ProgrammableLogic/VHR_LIBS/dsphdl/blocks/dsphdlmath/hdl/multadd_tb1/multadd_demo_pkg.vhd Line: 17
Info (12021): Found 2 design units, including 1 entities, in source file /workspaces/eos_dev_xpic/programmablelogic/vhr_libs/dsphdl/blocks/dsphdlmath/hdl/multadd_tb1/multadd1.vhd
    Info (12022): Found design unit 1: multadd1-rtl File: C:/workspaces/eos_dev_xpic/ProgrammableLogic/VHR_LIBS/dsphdl/blocks/dsphdlmath/hdl/multadd_tb1/multadd1.vhd Line: 35
    Info (12023): Found entity 1: multadd1 File: C:/workspaces/eos_dev_xpic/ProgrammableLogic/VHR_LIBS/dsphdl/blocks/dsphdlmath/hdl/multadd_tb1/multadd1.vhd Line: 24
Info (12021): Found 2 design units, including 1 entities, in source file /workspaces/eos_dev_xpic/programmablelogic/vhr_libs/dsphdl/blocks/dsphdlmath/hdl/multadd_tb1/multadd_mix.vhd
    Info (12022): Found design unit 1: multadd_mix-rtl File: C:/workspaces/eos_dev_xpic/ProgrammableLogic/VHR_LIBS/dsphdl/blocks/dsphdlmath/hdl/multadd_tb1/multadd_mix.vhd Line: 35
    Info (12023): Found entity 1: multadd_mix File: C:/workspaces/eos_dev_xpic/ProgrammableLogic/VHR_LIBS/dsphdl/blocks/dsphdlmath/hdl/multadd_tb1/multadd_mix.vhd Line: 24
Info (12021): Found 2 design units, including 1 entities, in source file /workspaces/eos_dev_xpic/programmablelogic/vhr_libs/dsphdl/blocks/dsphdlmath/hdl/multadd_tb1/multadd_uns.vhd
    Info (12022): Found design unit 1: multadd_uns-rtl File: C:/workspaces/eos_dev_xpic/ProgrammableLogic/VHR_LIBS/dsphdl/blocks/dsphdlmath/hdl/multadd_tb1/multadd_uns.vhd Line: 35
    Info (12023): Found entity 1: multadd_uns File: C:/workspaces/eos_dev_xpic/ProgrammableLogic/VHR_LIBS/dsphdl/blocks/dsphdlmath/hdl/multadd_tb1/multadd_uns.vhd Line: 24
Info (12021): Found 2 design units, including 1 entities, in source file /workspaces/eos_dev_xpic/programmablelogic/vhr_libs/dsphdl/blocks/dsphdlmath/hdl/multadd_tb1/multadd_demo.vhd
    Info (12022): Found design unit 1: multadd_demo-rtl File: C:/workspaces/eos_dev_xpic/ProgrammableLogic/VHR_LIBS/dsphdl/blocks/dsphdlmath/hdl/multadd_tb1/multadd_demo.vhd Line: 51
    Info (12023): Found entity 1: multadd_demo File: C:/workspaces/eos_dev_xpic/ProgrammableLogic/VHR_LIBS/dsphdl/blocks/dsphdlmath/hdl/multadd_tb1/multadd_demo.vhd Line: 32
Info (12127): Elaborating entity "multadd_demo" for the top level hierarchy
Info (12129): Elaborating entity "multadd1" using architecture "A:rtl" for hierarchy "multadd1:u_multadd1" File: C:/workspaces/eos_dev_xpic/ProgrammableLogic/VHR_LIBS/dsphdl/blocks/dsphdlmath/hdl/multadd_tb1/multadd_demo.vhd Line: 137
Info (12129): Elaborating entity "multadd_uns" using architecture "A:rtl" for hierarchy "multadd_uns:u_multadd_uns" File: C:/workspaces/eos_dev_xpic/ProgrammableLogic/VHR_LIBS/dsphdl/blocks/dsphdlmath/hdl/multadd_tb1/multadd_demo.vhd Line: 147
Info (12129): Elaborating entity "multadd_mix" using architecture "A:rtl" for hierarchy "multadd_mix:u_multadd_mix" File: C:/workspaces/eos_dev_xpic/ProgrammableLogic/VHR_LIBS/dsphdl/blocks/dsphdlmath/hdl/multadd_tb1/multadd_demo.vhd Line: 157
Info (286030): Timing-Driven Synthesis is running
Info (16010): Generating hard_block partition "hard_block:auto_generated_inst"
    Info (16011): Adding 0 node(s), including 0 DDIO, 0 PLL, 0 transceiver and 0 LCELL
Info (21057): Implemented 905 device resources after synthesis - the final resource count might be different
    Info (21058): Implemented 74 input pins
    Info (21059): Implemented 108 output pins
    Info (21061): Implemented 720 logic cells
    Info (21062): Implemented 3 DSP elements
Info: Quartus Prime Analysis & Synthesis was successful. 0 errors, 0 warnings
    Info: Peak virtual memory: 869 megabytes
    Info: Processing ended: Thu Sep 15 17:08:37 2016
    Info: Elapsed time: 00:00:21
    Info: Total CPU time (on all processors): 00:00:31


