Flow report for multadd_demo
Thu Sep 15 17:12:50 2016
Quartus Prime Version 15.1.0 Build 185 10/21/2015 SJ Standard Edition


---------------------
; Table of Contents ;
---------------------
  1. Legal Notice
  2. Flow Summary
  3. Flow Settings
  4. Flow Non-Default Global Settings
  5. Flow Elapsed Time
  6. Flow OS Summary
  7. Flow Log
  8. Flow Messages
  9. Flow Suppressed Messages



----------------
; Legal Notice ;
----------------
Copyright (C) 1991-2015 Altera Corporation. All rights reserved.
Your use of Altera Corporation's design tools, logic functions 
and other software and tools, and its AMPP partner logic 
functions, and any output files from any of the foregoing 
(including device programming or simulation files), and any 
associated documentation or information are expressly subject 
to the terms and conditions of the Altera Program License 
Subscription Agreement, the Altera Quartus Prime License Agreement,
the Altera MegaCore Function License Agreement, or other 
applicable license agreement, including, without limitation, 
that your use is for the sole purpose of programming logic 
devices manufactured by Altera and sold by Altera or its 
authorized distributors.  Please refer to the applicable 
agreement for further details.



+-----------------------------------------------------------------------------------+
; Flow Summary                                                                      ;
+---------------------------------+-------------------------------------------------+
; Flow Status                     ; Successful - Thu Sep 15 17:11:57 2016           ;
; Quartus Prime Version           ; 15.1.0 Build 185 10/21/2015 SJ Standard Edition ;
; Revision Name                   ; multadd_demo                                    ;
; Top-level Entity Name           ; multadd_demo                                    ;
; Family                          ; Stratix V                                       ;
; Device                          ; 5SGSMD8N2F45I2                                  ;
; Timing Models                   ; Final                                           ;
; Logic utilization (in ALMs)     ; 136 / 262,400 ( < 1 % )                         ;
; Total registers                 ; 540                                             ;
; Total pins                      ; 182 / 1,064 ( 17 % )                            ;
; Total virtual pins              ; 0                                               ;
; Total block memory bits         ; 0 / 52,572,160 ( 0 % )                          ;
; Total DSP Blocks                ; 3 / 1,963 ( < 1 % )                             ;
; Total HSSI STD RX PCSs          ; 0 / 48 ( 0 % )                                  ;
; Total HSSI 10G RX PCSs          ; 0 / 48 ( 0 % )                                  ;
; Total HSSI GEN3 RX PCSs         ; 0 / 48 ( 0 % )                                  ;
; Total HSSI PMA RX Deserializers ; 0 / 48 ( 0 % )                                  ;
; Total HSSI STD TX PCSs          ; 0 / 48 ( 0 % )                                  ;
; Total HSSI 10G TX PCSs          ; 0 / 48 ( 0 % )                                  ;
; Total HSSI GEN3 TX PCSs         ; 0 / 48 ( 0 % )                                  ;
; Total HSSI PMA TX Serializers   ; 0 / 48 ( 0 % )                                  ;
; Total HSSI PIPE GEN1_2s         ; 0 / 48 ( 0 % )                                  ;
; Total HSSI GEN3s                ; 0 / 48 ( 0 % )                                  ;
; Total PLLs                      ; 0 / 92 ( 0 % )                                  ;
; Total DLLs                      ; 0 / 4 ( 0 % )                                   ;
+---------------------------------+-------------------------------------------------+


+-----------------------------------------+
; Flow Settings                           ;
+-------------------+---------------------+
; Option            ; Setting             ;
+-------------------+---------------------+
; Start date & time ; 09/15/2016 17:08:18 ;
; Main task         ; Compilation         ;
; Revision Name     ; multadd_demo        ;
+-------------------+---------------------+


+------------------------------------------------------------------------------------------------------------------------+
; Flow Non-Default Global Settings                                                                                       ;
+-------------------------------------+---------------------------------------+---------------+-------------+------------+
; Assignment Name                     ; Value                                 ; Default Value ; Entity Name ; Section Id ;
+-------------------------------------+---------------------------------------+---------------+-------------+------------+
; COMPILER_SIGNATURE_ID               ; 1098183852298.147397369806688         ; --            ; --          ; --         ;
; MAX_CORE_JUNCTION_TEMP              ; 100                                   ; --            ; --          ; --         ;
; MIN_CORE_JUNCTION_TEMP              ; -40                                   ; --            ; --          ; --         ;
; PARTITION_COLOR                     ; 16764057                              ; --            ; --          ; Top        ;
; PARTITION_FITTER_PRESERVATION_LEVEL ; PLACEMENT_AND_ROUTING                 ; --            ; --          ; Top        ;
; PARTITION_NETLIST_TYPE              ; SOURCE                                ; --            ; --          ; Top        ;
; POWER_BOARD_THERMAL_MODEL           ; None (CONSERVATIVE)                   ; --            ; --          ; --         ;
; POWER_PRESET_COOLING_SOLUTION       ; 23 MM HEAT SINK WITH 200 LFPM AIRFLOW ; --            ; --          ; --         ;
+-------------------------------------+---------------------------------------+---------------+-------------+------------+


+-------------------------------------------------------------------------------------------------------------------------------+
; Flow Elapsed Time                                                                                                             ;
+---------------------------+--------------+-------------------------+---------------------+------------------------------------+
; Module Name               ; Elapsed Time ; Average Processors Used ; Peak Virtual Memory ; Total CPU Time (on all processors) ;
+---------------------------+--------------+-------------------------+---------------------+------------------------------------+
; Analysis & Synthesis      ; 00:00:20     ; 1.0                     ; 869 MB              ; 00:00:30                           ;
; Fitter                    ; 00:02:04     ; 1.0                     ; 4227 MB             ; 00:03:04                           ;
; TimeQuest Timing Analyzer ; 00:00:21     ; 1.0                     ; 1563 MB             ; 00:00:17                           ;
; Total                     ; 00:02:45     ; --                      ; --                  ; 00:03:51                           ;
+---------------------------+--------------+-------------------------+---------------------+------------------------------------+


+----------------------------------------------------------------------------------------+
; Flow OS Summary                                                                        ;
+---------------------------+------------------+-----------+------------+----------------+
; Module Name               ; Machine Hostname ; OS Name   ; OS Version ; Processor type ;
+---------------------------+------------------+-----------+------------+----------------+
; Analysis & Synthesis      ; LP-MBABST-W76    ; Windows 7 ; 6.1        ; x86_64         ;
; Fitter                    ; LP-MBABST-W76    ; Windows 7 ; 6.1        ; x86_64         ;
; TimeQuest Timing Analyzer ; LP-MBABST-W76    ; Windows 7 ; 6.1        ; x86_64         ;
+---------------------------+------------------+-----------+------------+----------------+


------------
; Flow Log ;
------------
quartus_map --read_settings_files=on --write_settings_files=off multadd_demo -c multadd_demo
quartus_fit --read_settings_files=on --write_settings_files=off multadd_demo -c multadd_demo
quartus_sta multadd_demo -c multadd_demo



